<?xml version="1.0" encoding="UTF-8"?>
<coverage generated="1594774224766" clover="3.2.0">
  <project timestamp="1594774224766" name="All files">
    <metrics statements="118" coveredstatements="74" conditionals="51" coveredconditionals="7" methods="50" coveredmethods="28" elements="219" coveredelements="109" complexity="0" loc="118" ncloc="118" packages="24" files="34" classes="34"/>
    <package name="src">
      <metrics statements="42" coveredstatements="1" conditionals="32" coveredconditionals="0" methods="17" coveredmethods="1"/>
      <file name="App.tsx" path="E:\Web\Challenges\AssetControl\asset_control\src\App.tsx">
        <metrics statements="1" coveredstatements="1" conditionals="0" coveredconditionals="0" methods="1" coveredmethods="1"/>
        <line num="6" count="1" type="stmt"/>
      </file>
      <file name="index.tsx" path="E:\Web\Challenges\AssetControl\asset_control\src\index.tsx">
        <metrics statements="2" coveredstatements="0" conditionals="0" coveredconditionals="0" methods="0" coveredmethods="0"/>
        <line num="7" count="0" type="stmt"/>
        <line num="17" count="0" type="stmt"/>
      </file>
      <file name="serviceWorker.ts" path="E:\Web\Challenges\AssetControl\asset_control\src\serviceWorker.ts">
        <metrics statements="39" coveredstatements="0" conditionals="32" coveredconditionals="0" methods="16" coveredmethods="0"/>
        <line num="13" count="0" type="stmt"/>
        <line num="29" count="0" type="cond" truecount="0" falsecount="4"/>
        <line num="31" count="0" type="stmt"/>
        <line num="35" count="0" type="cond" truecount="0" falsecount="2"/>
        <line num="39" count="0" type="stmt"/>
        <line num="42" count="0" type="stmt"/>
        <line num="43" count="0" type="stmt"/>
        <line num="45" count="0" type="cond" truecount="0" falsecount="2"/>
        <line num="47" count="0" type="stmt"/>
        <line num="51" count="0" type="stmt"/>
        <line num="52" count="0" type="stmt"/>
        <line num="59" count="0" type="stmt"/>
        <line num="66" count="0" type="stmt"/>
        <line num="69" count="0" type="stmt"/>
        <line num="70" count="0" type="stmt"/>
        <line num="71" count="0" type="cond" truecount="0" falsecount="2"/>
        <line num="72" count="0" type="stmt"/>
        <line num="74" count="0" type="stmt"/>
        <line num="75" count="0" type="cond" truecount="0" falsecount="2"/>
        <line num="76" count="0" type="cond" truecount="0" falsecount="2"/>
        <line num="80" count="0" type="stmt"/>
        <line num="86" count="0" type="cond" truecount="0" falsecount="4"/>
        <line num="87" count="0" type="stmt"/>
        <line num="93" count="0" type="stmt"/>
        <line num="96" count="0" type="cond" truecount="0" falsecount="4"/>
        <line num="97" count="0" type="stmt"/>
        <line num="105" count="0" type="stmt"/>
        <line num="111" count="0" type="stmt"/>
        <line num="116" count="0" type="stmt"/>
        <line num="117" count="0" type="cond" truecount="0" falsecount="2"/>
        <line num="122" count="0" type="stmt"/>
        <line num="123" count="0" type="stmt"/>
        <line num="124" count="0" type="stmt"/>
        <line num="129" count="0" type="stmt"/>
        <line num="133" count="0" type="stmt"/>
        <line num="140" count="0" type="cond" truecount="0" falsecount="2"/>
        <line num="141" count="0" type="stmt"/>
        <line num="143" count="0" type="stmt"/>
        <line num="146" count="0" type="stmt"/>
      </file>
    </package>
    <package name="src.components.Logs">
      <metrics statements="15" coveredstatements="13" conditionals="0" coveredconditionals="0" methods="5" coveredmethods="3"/>
      <file name="Logs.tsx" path="E:\Web\Challenges\AssetControl\asset_control\src\components\Logs\Logs.tsx">
        <metrics statements="15" coveredstatements="13" conditionals="0" coveredconditionals="0" methods="5" coveredmethods="3"/>
        <line num="15" count="2" type="stmt"/>
        <line num="17" count="22" type="stmt"/>
        <line num="18" count="22" type="stmt"/>
        <line num="19" count="22" type="stmt"/>
        <line num="21" count="22" type="stmt"/>
        <line num="22" count="22" type="stmt"/>
        <line num="23" count="22" type="stmt"/>
        <line num="26" count="22" type="stmt"/>
        <line num="27" count="11" type="stmt"/>
        <line num="28" count="11" type="stmt"/>
        <line num="30" count="11" type="stmt"/>
        <line num="31" count="0" type="stmt"/>
        <line num="35" count="22" type="stmt"/>
        <line num="36" count="0" type="stmt"/>
        <line num="39" count="22" type="stmt"/>
      </file>
      <file name="index.ts" path="E:\Web\Challenges\AssetControl\asset_control\src\components\Logs\index.ts">
        <metrics statements="0" coveredstatements="0" conditionals="0" coveredconditionals="0" methods="0" coveredmethods="0"/>
      </file>
    </package>
    <package name="src.components.Logs.components.LogStats">
      <metrics statements="4" coveredstatements="3" conditionals="0" coveredconditionals="0" methods="2" coveredmethods="1"/>
      <file name="LogStats.tsx" path="E:\Web\Challenges\AssetControl\asset_control\src\components\Logs\components\LogStats\LogStats.tsx">
        <metrics statements="4" coveredstatements="3" conditionals="0" coveredconditionals="0" methods="2" coveredmethods="1"/>
        <line num="16" count="3" type="stmt"/>
        <line num="17" count="25" type="stmt"/>
        <line num="19" count="25" type="stmt"/>
        <line num="24" count="0" type="stmt"/>
      </file>
    </package>
    <package name="src.components.Logs.components.LogStats.mocks">
      <metrics statements="1" coveredstatements="1" conditionals="0" coveredconditionals="0" methods="0" coveredmethods="0"/>
      <file name="logStatsMock.ts" path="E:\Web\Challenges\AssetControl\asset_control\src\components\Logs\components\LogStats\mocks\logStatsMock.ts">
        <metrics statements="1" coveredstatements="1" conditionals="0" coveredconditionals="0" methods="0" coveredmethods="0"/>
        <line num="1" count="1" type="stmt"/>
      </file>
    </package>
    <package name="src.components.Logs.components.LogTable">
      <metrics statements="2" coveredstatements="2" conditionals="0" coveredconditionals="0" methods="1" coveredmethods="1"/>
      <file name="LogTable.tsx" path="E:\Web\Challenges\AssetControl\asset_control\src\components\Logs\components\LogTable\LogTable.tsx">
        <metrics statements="2" coveredstatements="2" conditionals="0" coveredconditionals="0" methods="1" coveredmethods="1"/>
        <line num="16" count="3" type="stmt"/>
        <line num="17" count="25" type="stmt"/>
      </file>
    </package>
    <package name="src.components.Logs.components.LogTable.mocks">
      <metrics statements="1" coveredstatements="1" conditionals="0" coveredconditionals="0" methods="0" coveredmethods="0"/>
      <file name="logTableMock.ts" path="E:\Web\Challenges\AssetControl\asset_control\src\components\Logs\components\LogTable\mocks\logTableMock.ts">
        <metrics statements="1" coveredstatements="1" conditionals="0" coveredconditionals="0" methods="0" coveredmethods="0"/>
        <line num="1" count="1" type="stmt"/>
      </file>
    </package>
    <package name="src.components.Logs.constants">
      <metrics statements="7" coveredstatements="7" conditionals="0" coveredconditionals="0" methods="0" coveredmethods="0"/>
      <file name="logConstants.ts" path="E:\Web\Challenges\AssetControl\asset_control\src\components\Logs\constants\logConstants.ts">
        <metrics statements="7" coveredstatements="7" conditionals="0" coveredconditionals="0" methods="0" coveredmethods="0"/>
        <line num="5" count="5" type="stmt"/>
        <line num="7" count="5" type="stmt"/>
        <line num="13" count="5" type="stmt"/>
        <line num="20" count="5" type="stmt"/>
        <line num="26" count="5" type="stmt"/>
        <line num="40" count="5" type="stmt"/>
        <line num="46" count="5" type="stmt"/>
      </file>
    </package>
    <package name="src.components.Logs.interfaces">
      <metrics statements="0" coveredstatements="0" conditionals="0" coveredconditionals="0" methods="0" coveredmethods="0"/>
      <file name="logsStateInterfaces.ts" path="E:\Web\Challenges\AssetControl\asset_control\src\components\Logs\interfaces\logsStateInterfaces.ts">
        <metrics statements="0" coveredstatements="0" conditionals="0" coveredconditionals="0" methods="0" coveredmethods="0"/>
      </file>
    </package>
    <package name="src.components.Logs.mocks">
      <metrics statements="2" coveredstatements="2" conditionals="0" coveredconditionals="0" methods="0" coveredmethods="0"/>
      <file name="logResponseMock.ts" path="E:\Web\Challenges\AssetControl\asset_control\src\components\Logs\mocks\logResponseMock.ts">
        <metrics statements="2" coveredstatements="2" conditionals="0" coveredconditionals="0" methods="0" coveredmethods="0"/>
        <line num="1" count="2" type="stmt"/>
        <line num="142" count="2" type="stmt"/>
      </file>
    </package>
    <package name="src.components.Logs.services">
      <metrics statements="7" coveredstatements="7" conditionals="0" coveredconditionals="0" methods="5" coveredmethods="5"/>
      <file name="logsService.ts" path="E:\Web\Challenges\AssetControl\asset_control\src\components\Logs\services\logsService.ts">
        <metrics statements="7" coveredstatements="7" conditionals="0" coveredconditionals="0" methods="5" coveredmethods="5"/>
        <line num="7" count="3" type="stmt"/>
        <line num="9" count="3" type="stmt"/>
        <line num="10" count="5" type="stmt"/>
        <line num="13" count="3" type="stmt"/>
        <line num="16" count="1" type="stmt"/>
        <line num="17" count="1" type="stmt"/>
        <line num="20" count="3" type="stmt"/>
      </file>
    </package>
    <package name="src.components.common.Heading">
      <metrics statements="3" coveredstatements="3" conditionals="4" coveredconditionals="0" methods="1" coveredmethods="1"/>
      <file name="Heading.tsx" path="E:\Web\Challenges\AssetControl\asset_control\src\components\common\Heading\Heading.tsx">
        <metrics statements="3" coveredstatements="3" conditionals="4" coveredconditionals="0" methods="1" coveredmethods="1"/>
        <line num="13" count="5" type="stmt"/>
        <line num="19" count="4" type="stmt"/>
        <line num="21" count="4" type="stmt"/>
      </file>
      <file name="index.ts" path="E:\Web\Challenges\AssetControl\asset_control\src\components\common\Heading\index.ts">
        <metrics statements="0" coveredstatements="0" conditionals="0" coveredconditionals="0" methods="0" coveredmethods="0"/>
      </file>
    </package>
    <package name="src.components.common.IconButton">
      <metrics statements="2" coveredstatements="2" conditionals="4" coveredconditionals="1" methods="1" coveredmethods="1"/>
      <file name="IconButton.tsx" path="E:\Web\Challenges\AssetControl\asset_control\src\components\common\IconButton\IconButton.tsx">
        <metrics statements="2" coveredstatements="2" conditionals="4" coveredconditionals="1" methods="1" coveredmethods="1"/>
        <line num="14" count="5" type="stmt"/>
        <line num="21" count="10" type="stmt"/>
      </file>
      <file name="index.ts" path="E:\Web\Challenges\AssetControl\asset_control\src\components\common\IconButton\index.ts">
        <metrics statements="0" coveredstatements="0" conditionals="0" coveredconditionals="0" methods="0" coveredmethods="0"/>
      </file>
    </package>
    <package name="src.components.common.Pagination">
      <metrics statements="12" coveredstatements="12" conditionals="6" coveredconditionals="5" methods="7" coveredmethods="7"/>
      <file name="Pagination.tsx" path="E:\Web\Challenges\AssetControl\asset_control\src\components\common\Pagination\Pagination.tsx">
        <metrics statements="12" coveredstatements="12" conditionals="6" coveredconditionals="5" methods="7" coveredmethods="7"/>
        <line num="16" count="3" type="stmt"/>
        <line num="22" count="31" type="stmt"/>
        <line num="24" count="31" type="stmt"/>
        <line num="25" count="6" type="cond" truecount="2" falsecount="0"/>
        <line num="26" count="6" type="cond" truecount="1" falsecount="1"/>
        <line num="27" count="6" type="cond" truecount="2" falsecount="0"/>
        <line num="28" count="5" type="stmt"/>
        <line num="32" count="31" type="stmt"/>
        <line num="38" count="3" type="stmt"/>
        <line num="39" count="1" type="stmt"/>
        <line num="40" count="1" type="stmt"/>
        <line num="41" count="1" type="stmt"/>
      </file>
      <file name="index.ts" path="E:\Web\Challenges\AssetControl\asset_control\src\components\common\Pagination\index.ts">
        <metrics statements="0" coveredstatements="0" conditionals="0" coveredconditionals="0" methods="0" coveredmethods="0"/>
      </file>
    </package>
    <package name="src.components.common.Pagination.components.PaginationInfo">
      <metrics statements="3" coveredstatements="3" conditionals="4" coveredconditionals="0" methods="2" coveredmethods="1"/>
      <file name="PaginationInfo.tsx" path="E:\Web\Challenges\AssetControl\asset_control\src\components\common\Pagination\components\PaginationInfo\PaginationInfo.tsx">
        <metrics statements="3" coveredstatements="3" conditionals="4" coveredconditionals="0" methods="2" coveredmethods="1"/>
        <line num="9" count="4" type="stmt"/>
        <line num="10" count="34" type="cond" truecount="0" falsecount="2"/>
        <line num="14" count="34" type="stmt"/>
      </file>
      <file name="index.ts" path="E:\Web\Challenges\AssetControl\asset_control\src\components\common\Pagination\components\PaginationInfo\index.ts">
        <metrics statements="0" coveredstatements="0" conditionals="0" coveredconditionals="0" methods="0" coveredmethods="0"/>
      </file>
    </package>
    <package name="src.components.common.Pagination.components.PaginationNav">
      <metrics statements="4" coveredstatements="4" conditionals="0" coveredconditionals="0" methods="3" coveredmethods="1"/>
      <file name="PaginationNav.tsx" path="E:\Web\Challenges\AssetControl\asset_control\src\components\common\Pagination\components\PaginationNav\PaginationNav.tsx">
        <metrics statements="4" coveredstatements="4" conditionals="0" coveredconditionals="0" methods="3" coveredmethods="1"/>
        <line num="24" count="4" type="stmt"/>
        <line num="31" count="33" type="stmt"/>
        <line num="32" count="33" type="stmt"/>
        <line num="34" count="33" type="stmt"/>
      </file>
      <file name="index.ts" path="E:\Web\Challenges\AssetControl\asset_control\src\components\common\Pagination\components\PaginationNav\index.ts">
        <metrics statements="0" coveredstatements="0" conditionals="0" coveredconditionals="0" methods="0" coveredmethods="0"/>
      </file>
    </package>
    <package name="src.components.common.Pagination.interfaces">
      <metrics statements="0" coveredstatements="0" conditionals="0" coveredconditionals="0" methods="0" coveredmethods="0"/>
      <file name="paginationInterfaces.ts" path="E:\Web\Challenges\AssetControl\asset_control\src\components\common\Pagination\interfaces\paginationInterfaces.ts">
        <metrics statements="0" coveredstatements="0" conditionals="0" coveredconditionals="0" methods="0" coveredmethods="0"/>
      </file>
    </package>
    <package name="src.components.common.Pagination.mocks">
      <metrics statements="1" coveredstatements="1" conditionals="0" coveredconditionals="0" methods="0" coveredmethods="0"/>
      <file name="paginationMocks.ts" path="E:\Web\Challenges\AssetControl\asset_control\src\components\common\Pagination\mocks\paginationMocks.ts">
        <metrics statements="1" coveredstatements="1" conditionals="0" coveredconditionals="0" methods="0" coveredmethods="0"/>
        <line num="1" count="3" type="stmt"/>
      </file>
    </package>
    <package name="src.components.common.StatsCard">
      <metrics statements="2" coveredstatements="2" conditionals="0" coveredconditionals="0" methods="1" coveredmethods="1"/>
      <file name="StatsCard.tsx" path="E:\Web\Challenges\AssetControl\asset_control\src\components\common\StatsCard\StatsCard.tsx">
        <metrics statements="2" coveredstatements="2" conditionals="0" coveredconditionals="0" methods="1" coveredmethods="1"/>
        <line num="15" count="4" type="stmt"/>
        <line num="22" count="4" type="stmt"/>
      </file>
      <file name="index.ts" path="E:\Web\Challenges\AssetControl\asset_control\src\components\common\StatsCard\index.ts">
        <metrics statements="0" coveredstatements="0" conditionals="0" coveredconditionals="0" methods="0" coveredmethods="0"/>
      </file>
    </package>
    <package name="src.components.common.Table">
      <metrics statements="5" coveredstatements="5" conditionals="1" coveredconditionals="1" methods="4" coveredmethods="4"/>
      <file name="Table.tsx" path="E:\Web\Challenges\AssetControl\asset_control\src\components\common\Table\Table.tsx">
        <metrics statements="5" coveredstatements="5" conditionals="1" coveredconditionals="1" methods="4" coveredmethods="4"/>
        <line num="16" count="4" type="stmt"/>
        <line num="21" count="3" type="stmt"/>
        <line num="28" count="9" type="stmt"/>
        <line num="39" count="75" type="stmt"/>
        <line num="41" count="225" type="stmt"/>
      </file>
      <file name="index.ts" path="E:\Web\Challenges\AssetControl\asset_control\src\components\common\Table\index.ts">
        <metrics statements="0" coveredstatements="0" conditionals="0" coveredconditionals="0" methods="0" coveredmethods="0"/>
      </file>
    </package>
    <package name="src.components.common.Table.interfaces">
      <metrics statements="0" coveredstatements="0" conditionals="0" coveredconditionals="0" methods="0" coveredmethods="0"/>
      <file name="tableInterfaces.ts" path="E:\Web\Challenges\AssetControl\asset_control\src\components\common\Table\interfaces\tableInterfaces.ts">
        <metrics statements="0" coveredstatements="0" conditionals="0" coveredconditionals="0" methods="0" coveredmethods="0"/>
      </file>
    </package>
    <package name="src.components.common.Table.mocks">
      <metrics statements="2" coveredstatements="2" conditionals="0" coveredconditionals="0" methods="0" coveredmethods="0"/>
      <file name="tableMocks.ts" path="E:\Web\Challenges\AssetControl\asset_control\src\components\common\Table\mocks\tableMocks.ts">
        <metrics statements="2" coveredstatements="2" conditionals="0" coveredconditionals="0" methods="0" coveredmethods="0"/>
        <line num="3" count="1" type="stmt"/>
        <line num="17" count="1" type="stmt"/>
      </file>
    </package>
    <package name="src.interfaces">
      <metrics statements="0" coveredstatements="0" conditionals="0" coveredconditionals="0" methods="0" coveredmethods="0"/>
      <file name="generalInterfaces.ts" path="E:\Web\Challenges\AssetControl\asset_control\src\interfaces\generalInterfaces.ts">
        <metrics statements="0" coveredstatements="0" conditionals="0" coveredconditionals="0" methods="0" coveredmethods="0"/>
      </file>
    </package>
    <package name="src.services.api">
      <metrics statements="2" coveredstatements="2" conditionals="0" coveredconditionals="0" methods="0" coveredmethods="0"/>
      <file name="apiService.ts" path="E:\Web\Challenges\AssetControl\asset_control\src\services\api\apiService.ts">
        <metrics statements="2" coveredstatements="2" conditionals="0" coveredconditionals="0" methods="0" coveredmethods="0"/>
        <line num="3" count="3" type="stmt"/>
        <line num="7" count="3" type="stmt"/>
      </file>
    </package>
    <package name="src.tests">
      <metrics statements="1" coveredstatements="1" conditionals="0" coveredconditionals="0" methods="1" coveredmethods="1"/>
      <file name="testHelper.ts" path="E:\Web\Challenges\AssetControl\asset_control\src\tests\testHelper.ts">
        <metrics statements="1" coveredstatements="1" conditionals="0" coveredconditionals="0" methods="1" coveredmethods="1"/>
        <line num="1" count="33" type="stmt"/>
      </file>
    </package>
  </project>
</coverage>
