{"E:\\Web\\Challenges\\AssetControl\\asset_control\\src\\App.tsx": {"path":"E:\\Web\\Challenges\\AssetControl\\asset_control\\src\\App.tsx","statementMap":{"0":{"start":{"line":6,"column":2},"end":{"line":8,"column":8}}},"fnMap":{"0":{"name":"App","decl":{"start":{"line":5,"column":9},"end":{"line":5,"column":12}},"loc":{"start":{"line":5,"column":15},"end":{"line":9,"column":1}},"line":5}},"branchMap":{},"s":{"0":1},"f":{"0":1},"b":{},"_coverageSchema":"43e27e138ebf9cfc5966b082cf9a028302ed4184","hash":"9d9e5629f582ab845974f746c8570d007f38357d"}
,"E:\\Web\\Challenges\\AssetControl\\asset_control\\src\\index.tsx": {"path":"E:\\Web\\Challenges\\AssetControl\\asset_control\\src\\index.tsx","statementMap":{"0":{"start":{"line":7,"column":0},"end":{"line":12,"column":2}},"1":{"start":{"line":17,"column":0},"end":{"line":17,"column":27}}},"fnMap":{},"branchMap":{},"s":{"0":0,"1":0},"f":{},"b":{},"hash":"d6f2b8cc03e996f6d2eb1b959d8399f7242c0234"}
,"E:\\Web\\Challenges\\AssetControl\\asset_control\\src\\serviceWorker.ts": {"path":"E:\\Web\\Challenges\\AssetControl\\asset_control\\src\\serviceWorker.ts","statementMap":{"0":{"start":{"line":13,"column":20},"end":{"line":21,"column":1}},"1":{"start":{"line":29,"column":2},"end":{"line":62,"column":3}},"2":{"start":{"line":31,"column":22},"end":{"line":34,"column":5}},"3":{"start":{"line":35,"column":4},"end":{"line":40,"column":5}},"4":{"start":{"line":39,"column":6},"end":{"line":39,"column":13}},"5":{"start":{"line":42,"column":4},"end":{"line":61,"column":7}},"6":{"start":{"line":43,"column":20},"end":{"line":43,"column":65}},"7":{"start":{"line":45,"column":6},"end":{"line":60,"column":7}},"8":{"start":{"line":47,"column":8},"end":{"line":47,"column":47}},"9":{"start":{"line":51,"column":8},"end":{"line":56,"column":11}},"10":{"start":{"line":52,"column":10},"end":{"line":55,"column":12}},"11":{"start":{"line":59,"column":8},"end":{"line":59,"column":39}},"12":{"start":{"line":66,"column":2},"end":{"line":106,"column":7}},"13":{"start":{"line":69,"column":6},"end":{"line":102,"column":8}},"14":{"start":{"line":70,"column":33},"end":{"line":70,"column":56}},"15":{"start":{"line":71,"column":8},"end":{"line":73,"column":9}},"16":{"start":{"line":72,"column":10},"end":{"line":72,"column":17}},"17":{"start":{"line":74,"column":8},"end":{"line":101,"column":10}},"18":{"start":{"line":75,"column":10},"end":{"line":100,"column":11}},"19":{"start":{"line":76,"column":12},"end":{"line":99,"column":13}},"20":{"start":{"line":80,"column":14},"end":{"line":83,"column":16}},"21":{"start":{"line":86,"column":14},"end":{"line":88,"column":15}},"22":{"start":{"line":87,"column":16},"end":{"line":87,"column":46}},"23":{"start":{"line":93,"column":14},"end":{"line":93,"column":64}},"24":{"start":{"line":96,"column":14},"end":{"line":98,"column":15}},"25":{"start":{"line":97,"column":16},"end":{"line":97,"column":47}},"26":{"start":{"line":105,"column":6},"end":{"line":105,"column":72}},"27":{"start":{"line":111,"column":2},"end":{"line":136,"column":7}},"28":{"start":{"line":116,"column":26},"end":{"line":116,"column":62}},"29":{"start":{"line":117,"column":6},"end":{"line":130,"column":7}},"30":{"start":{"line":122,"column":8},"end":{"line":126,"column":11}},"31":{"start":{"line":123,"column":10},"end":{"line":125,"column":13}},"32":{"start":{"line":124,"column":12},"end":{"line":124,"column":37}},"33":{"start":{"line":129,"column":8},"end":{"line":129,"column":39}},"34":{"start":{"line":133,"column":6},"end":{"line":135,"column":8}},"35":{"start":{"line":140,"column":2},"end":{"line":148,"column":3}},"36":{"start":{"line":141,"column":4},"end":{"line":147,"column":9}},"37":{"start":{"line":143,"column":8},"end":{"line":143,"column":34}},"38":{"start":{"line":146,"column":8},"end":{"line":146,"column":37}}},"fnMap":{"0":{"name":"register","decl":{"start":{"line":28,"column":16},"end":{"line":28,"column":24}},"loc":{"start":{"line":28,"column":42},"end":{"line":63,"column":1}},"line":28},"1":{"name":"(anonymous_1)","decl":{"start":{"line":42,"column":36},"end":{"line":42,"column":37}},"loc":{"start":{"line":42,"column":42},"end":{"line":61,"column":5}},"line":42},"2":{"name":"(anonymous_2)","decl":{"start":{"line":51,"column":43},"end":{"line":51,"column":44}},"loc":{"start":{"line":51,"column":49},"end":{"line":56,"column":9}},"line":51},"3":{"name":"registerValidSW","decl":{"start":{"line":65,"column":9},"end":{"line":65,"column":24}},"loc":{"start":{"line":65,"column":57},"end":{"line":107,"column":1}},"line":65},"4":{"name":"(anonymous_4)","decl":{"start":{"line":68,"column":10},"end":{"line":68,"column":11}},"loc":{"start":{"line":68,"column":26},"end":{"line":103,"column":5}},"line":68},"5":{"name":"(anonymous_5)","decl":{"start":{"line":69,"column":35},"end":{"line":69,"column":36}},"loc":{"start":{"line":69,"column":41},"end":{"line":102,"column":7}},"line":69},"6":{"name":"(anonymous_6)","decl":{"start":{"line":74,"column":41},"end":{"line":74,"column":42}},"loc":{"start":{"line":74,"column":47},"end":{"line":101,"column":9}},"line":74},"7":{"name":"(anonymous_7)","decl":{"start":{"line":104,"column":11},"end":{"line":104,"column":12}},"loc":{"start":{"line":104,"column":20},"end":{"line":106,"column":5}},"line":104},"8":{"name":"checkValidServiceWorker","decl":{"start":{"line":109,"column":9},"end":{"line":109,"column":32}},"loc":{"start":{"line":109,"column":65},"end":{"line":137,"column":1}},"line":109},"9":{"name":"(anonymous_9)","decl":{"start":{"line":114,"column":10},"end":{"line":114,"column":11}},"loc":{"start":{"line":114,"column":22},"end":{"line":131,"column":5}},"line":114},"10":{"name":"(anonymous_10)","decl":{"start":{"line":122,"column":43},"end":{"line":122,"column":44}},"loc":{"start":{"line":122,"column":59},"end":{"line":126,"column":9}},"line":122},"11":{"name":"(anonymous_11)","decl":{"start":{"line":123,"column":41},"end":{"line":123,"column":42}},"loc":{"start":{"line":123,"column":47},"end":{"line":125,"column":11}},"line":123},"12":{"name":"(anonymous_12)","decl":{"start":{"line":132,"column":11},"end":{"line":132,"column":12}},"loc":{"start":{"line":132,"column":17},"end":{"line":136,"column":5}},"line":132},"13":{"name":"unregister","decl":{"start":{"line":139,"column":16},"end":{"line":139,"column":26}},"loc":{"start":{"line":139,"column":29},"end":{"line":149,"column":1}},"line":139},"14":{"name":"(anonymous_14)","decl":{"start":{"line":142,"column":12},"end":{"line":142,"column":13}},"loc":{"start":{"line":142,"column":28},"end":{"line":144,"column":7}},"line":142},"15":{"name":"(anonymous_15)","decl":{"start":{"line":145,"column":13},"end":{"line":145,"column":14}},"loc":{"start":{"line":145,"column":22},"end":{"line":147,"column":7}},"line":145}},"branchMap":{"0":{"loc":{"start":{"line":14,"column":2},"end":{"line":20,"column":5}},"type":"binary-expr","locations":[{"start":{"line":14,"column":2},"end":{"line":14,"column":42}},{"start":{"line":16,"column":4},"end":{"line":16,"column":40}},{"start":{"line":18,"column":4},"end":{"line":20,"column":5}}],"line":14},"1":{"loc":{"start":{"line":29,"column":2},"end":{"line":62,"column":3}},"type":"if","locations":[{"start":{"line":29,"column":2},"end":{"line":62,"column":3}},{"start":{"line":29,"column":2},"end":{"line":62,"column":3}}],"line":29},"2":{"loc":{"start":{"line":29,"column":6},"end":{"line":29,"column":75}},"type":"binary-expr","locations":[{"start":{"line":29,"column":6},"end":{"line":29,"column":43}},{"start":{"line":29,"column":47},"end":{"line":29,"column":75}}],"line":29},"3":{"loc":{"start":{"line":35,"column":4},"end":{"line":40,"column":5}},"type":"if","locations":[{"start":{"line":35,"column":4},"end":{"line":40,"column":5}},{"start":{"line":35,"column":4},"end":{"line":40,"column":5}}],"line":35},"4":{"loc":{"start":{"line":45,"column":6},"end":{"line":60,"column":7}},"type":"if","locations":[{"start":{"line":45,"column":6},"end":{"line":60,"column":7}},{"start":{"line":45,"column":6},"end":{"line":60,"column":7}}],"line":45},"5":{"loc":{"start":{"line":71,"column":8},"end":{"line":73,"column":9}},"type":"if","locations":[{"start":{"line":71,"column":8},"end":{"line":73,"column":9}},{"start":{"line":71,"column":8},"end":{"line":73,"column":9}}],"line":71},"6":{"loc":{"start":{"line":75,"column":10},"end":{"line":100,"column":11}},"type":"if","locations":[{"start":{"line":75,"column":10},"end":{"line":100,"column":11}},{"start":{"line":75,"column":10},"end":{"line":100,"column":11}}],"line":75},"7":{"loc":{"start":{"line":76,"column":12},"end":{"line":99,"column":13}},"type":"if","locations":[{"start":{"line":76,"column":12},"end":{"line":99,"column":13}},{"start":{"line":76,"column":12},"end":{"line":99,"column":13}}],"line":76},"8":{"loc":{"start":{"line":86,"column":14},"end":{"line":88,"column":15}},"type":"if","locations":[{"start":{"line":86,"column":14},"end":{"line":88,"column":15}},{"start":{"line":86,"column":14},"end":{"line":88,"column":15}}],"line":86},"9":{"loc":{"start":{"line":86,"column":18},"end":{"line":86,"column":43}},"type":"binary-expr","locations":[{"start":{"line":86,"column":18},"end":{"line":86,"column":24}},{"start":{"line":86,"column":28},"end":{"line":86,"column":43}}],"line":86},"10":{"loc":{"start":{"line":96,"column":14},"end":{"line":98,"column":15}},"type":"if","locations":[{"start":{"line":96,"column":14},"end":{"line":98,"column":15}},{"start":{"line":96,"column":14},"end":{"line":98,"column":15}}],"line":96},"11":{"loc":{"start":{"line":96,"column":18},"end":{"line":96,"column":44}},"type":"binary-expr","locations":[{"start":{"line":96,"column":18},"end":{"line":96,"column":24}},{"start":{"line":96,"column":28},"end":{"line":96,"column":44}}],"line":96},"12":{"loc":{"start":{"line":117,"column":6},"end":{"line":130,"column":7}},"type":"if","locations":[{"start":{"line":117,"column":6},"end":{"line":130,"column":7}},{"start":{"line":117,"column":6},"end":{"line":130,"column":7}}],"line":117},"13":{"loc":{"start":{"line":118,"column":8},"end":{"line":119,"column":73}},"type":"binary-expr","locations":[{"start":{"line":118,"column":8},"end":{"line":118,"column":31}},{"start":{"line":119,"column":9},"end":{"line":119,"column":28}},{"start":{"line":119,"column":32},"end":{"line":119,"column":72}}],"line":118},"14":{"loc":{"start":{"line":140,"column":2},"end":{"line":148,"column":3}},"type":"if","locations":[{"start":{"line":140,"column":2},"end":{"line":148,"column":3}},{"start":{"line":140,"column":2},"end":{"line":148,"column":3}}],"line":140}},"s":{"0":0,"1":0,"2":0,"3":0,"4":0,"5":0,"6":0,"7":0,"8":0,"9":0,"10":0,"11":0,"12":0,"13":0,"14":0,"15":0,"16":0,"17":0,"18":0,"19":0,"20":0,"21":0,"22":0,"23":0,"24":0,"25":0,"26":0,"27":0,"28":0,"29":0,"30":0,"31":0,"32":0,"33":0,"34":0,"35":0,"36":0,"37":0,"38":0},"f":{"0":0,"1":0,"2":0,"3":0,"4":0,"5":0,"6":0,"7":0,"8":0,"9":0,"10":0,"11":0,"12":0,"13":0,"14":0,"15":0},"b":{"0":[0,0,0],"1":[0,0],"2":[0,0],"3":[0,0],"4":[0,0],"5":[0,0],"6":[0,0],"7":[0,0],"8":[0,0],"9":[0,0],"10":[0,0],"11":[0,0],"12":[0,0],"13":[0,0,0],"14":[0,0]},"hash":"fa3bf748565f74d4161b8d9efef2f7c0ddc8ff98"}
,"E:\\Web\\Challenges\\AssetControl\\asset_control\\src\\components\\Logs\\Logs.tsx": {"path":"E:\\Web\\Challenges\\AssetControl\\asset_control\\src\\components\\Logs\\Logs.tsx","statementMap":{"0":{"start":{"line":15,"column":24},"end":{"line":49,"column":1}},"1":{"start":{"line":17,"column":40},"end":{"line":17,"column":65}},"2":{"start":{"line":18,"column":48},"end":{"line":18,"column":84}},"3":{"start":{"line":19,"column":30},"end":{"line":19,"column":41}},"4":{"start":{"line":21,"column":25},"end":{"line":24,"column":8}},"5":{"start":{"line":22,"column":4},"end":{"line":22,"column":29}},"6":{"start":{"line":23,"column":4},"end":{"line":23,"column":51}},"7":{"start":{"line":26,"column":2},"end":{"line":33,"column":31}},"8":{"start":{"line":27,"column":4},"end":{"line":27,"column":58}},"9":{"start":{"line":28,"column":25},"end":{"line":28,"column":112}},"10":{"start":{"line":30,"column":4},"end":{"line":32,"column":5}},"11":{"start":{"line":31,"column":6},"end":{"line":31,"column":33}},"12":{"start":{"line":35,"column":28},"end":{"line":37,"column":3}},"13":{"start":{"line":36,"column":4},"end":{"line":36,"column":44}},"14":{"start":{"line":39,"column":2},"end":{"line":48,"column":3}}},"fnMap":{"0":{"name":"(anonymous_0)","decl":{"start":{"line":15,"column":24},"end":{"line":15,"column":25}},"loc":{"start":{"line":15,"column":30},"end":{"line":49,"column":1}},"line":15},"1":{"name":"(anonymous_1)","decl":{"start":{"line":21,"column":37},"end":{"line":21,"column":38}},"loc":{"start":{"line":21,"column":65},"end":{"line":24,"column":3}},"line":21},"2":{"name":"(anonymous_2)","decl":{"start":{"line":26,"column":12},"end":{"line":26,"column":13}},"loc":{"start":{"line":26,"column":18},"end":{"line":33,"column":3}},"line":26},"3":{"name":"(anonymous_3)","decl":{"start":{"line":30,"column":11},"end":{"line":30,"column":12}},"loc":{"start":{"line":30,"column":17},"end":{"line":32,"column":5}},"line":30},"4":{"name":"(anonymous_4)","decl":{"start":{"line":35,"column":28},"end":{"line":35,"column":29}},"loc":{"start":{"line":35,"column":72},"end":{"line":37,"column":3}},"line":35}},"branchMap":{},"s":{"0":2,"1":22,"2":22,"3":22,"4":22,"5":22,"6":22,"7":22,"8":11,"9":11,"10":11,"11":0,"12":22,"13":0,"14":22},"f":{"0":22,"1":22,"2":11,"3":0,"4":0},"b":{},"_coverageSchema":"43e27e138ebf9cfc5966b082cf9a028302ed4184","hash":"8c5ac6a7b4e5eaefde8651402f45665c7fa67157"}
,"E:\\Web\\Challenges\\AssetControl\\asset_control\\src\\components\\Logs\\index.ts": {"path":"E:\\Web\\Challenges\\AssetControl\\asset_control\\src\\components\\Logs\\index.ts","statementMap":{},"fnMap":{},"branchMap":{},"s":{},"f":{},"b":{},"_coverageSchema":"43e27e138ebf9cfc5966b082cf9a028302ed4184","hash":"7fbac14d6db6d54f23a104f0c06a971ec748b46a"}
,"E:\\Web\\Challenges\\AssetControl\\asset_control\\src\\components\\Logs\\components\\LogStats\\LogStats.tsx": {"path":"E:\\Web\\Challenges\\AssetControl\\asset_control\\src\\components\\Logs\\components\\LogStats\\LogStats.tsx","statementMap":{"0":{"start":{"line":16,"column":43},"end":{"line":33,"column":1}},"1":{"start":{"line":17,"column":16},"end":{"line":17,"column":28}},"2":{"start":{"line":19,"column":2},"end":{"line":32,"column":4}},"3":{"start":{"line":24,"column":10},"end":{"line":28,"column":12}}},"fnMap":{"0":{"name":"(anonymous_0)","decl":{"start":{"line":16,"column":43},"end":{"line":16,"column":44}},"loc":{"start":{"line":16,"column":56},"end":{"line":33,"column":1}},"line":16},"1":{"name":"(anonymous_1)","decl":{"start":{"line":23,"column":34},"end":{"line":23,"column":35}},"loc":{"start":{"line":24,"column":10},"end":{"line":28,"column":12}},"line":24}},"branchMap":{},"s":{"0":3,"1":25,"2":25,"3":0},"f":{"0":25,"1":0},"b":{},"_coverageSchema":"43e27e138ebf9cfc5966b082cf9a028302ed4184","hash":"34208c4fc77e6a3db40745c27fb31c9bbc3b9861"}
,"E:\\Web\\Challenges\\AssetControl\\asset_control\\src\\components\\Logs\\components\\LogStats\\mocks\\logStatsMock.ts": {"path":"E:\\Web\\Challenges\\AssetControl\\asset_control\\src\\components\\Logs\\components\\LogStats\\mocks\\logStatsMock.ts","statementMap":{"0":{"start":{"line":1,"column":29},"end":{"line":5,"column":1}}},"fnMap":{},"branchMap":{},"s":{"0":1},"f":{},"b":{},"_coverageSchema":"43e27e138ebf9cfc5966b082cf9a028302ed4184","hash":"c728cc0a12df5e61ad152e60b26bae613a70a513"}
,"E:\\Web\\Challenges\\AssetControl\\asset_control\\src\\components\\Logs\\components\\LogTable\\LogTable.tsx": {"path":"E:\\Web\\Challenges\\AssetControl\\asset_control\\src\\components\\Logs\\components\\LogTable\\LogTable.tsx","statementMap":{"0":{"start":{"line":16,"column":43},"end":{"line":23,"column":1}},"1":{"start":{"line":17,"column":2},"end":{"line":22,"column":4}}},"fnMap":{"0":{"name":"(anonymous_0)","decl":{"start":{"line":16,"column":43},"end":{"line":16,"column":44}},"loc":{"start":{"line":16,"column":57},"end":{"line":23,"column":1}},"line":16}},"branchMap":{},"s":{"0":3,"1":25},"f":{"0":25},"b":{},"_coverageSchema":"43e27e138ebf9cfc5966b082cf9a028302ed4184","hash":"5d10c7ca65b492efcb9db0383dfba6600837e9b9"}
,"E:\\Web\\Challenges\\AssetControl\\asset_control\\src\\components\\Logs\\components\\LogTable\\mocks\\logTableMock.ts": {"path":"E:\\Web\\Challenges\\AssetControl\\asset_control\\src\\components\\Logs\\components\\LogTable\\mocks\\logTableMock.ts","statementMap":{"0":{"start":{"line":1,"column":29},"end":{"line":127,"column":1}}},"fnMap":{},"branchMap":{},"s":{"0":1},"f":{},"b":{},"_coverageSchema":"43e27e138ebf9cfc5966b082cf9a028302ed4184","hash":"344e54f8885d9b4f07b745587d021abd9ac7989a"}
,"E:\\Web\\Challenges\\AssetControl\\asset_control\\src\\components\\Logs\\constants\\logConstants.ts": {"path":"E:\\Web\\Challenges\\AssetControl\\asset_control\\src\\components\\Logs\\constants\\logConstants.ts","statementMap":{"0":{"start":{"line":5,"column":24},"end":{"line":5,"column":26}},"1":{"start":{"line":7,"column":35},"end":{"line":11,"column":1}},"2":{"start":{"line":13,"column":38},"end":{"line":18,"column":1}},"3":{"start":{"line":20,"column":45},"end":{"line":24,"column":1}},"4":{"start":{"line":26,"column":40},"end":{"line":38,"column":1}},"5":{"start":{"line":40,"column":23},"end":{"line":44,"column":1}},"6":{"start":{"line":46,"column":27},"end":{"line":65,"column":1}}},"fnMap":{},"branchMap":{},"s":{"0":5,"1":5,"2":5,"3":5,"4":5,"5":5,"6":5},"f":{},"b":{},"_coverageSchema":"43e27e138ebf9cfc5966b082cf9a028302ed4184","hash":"9f7146496d4bb2f037137decd76406edfe7b2180"}
,"E:\\Web\\Challenges\\AssetControl\\asset_control\\src\\components\\Logs\\interfaces\\logsStateInterfaces.ts": {"path":"E:\\Web\\Challenges\\AssetControl\\asset_control\\src\\components\\Logs\\interfaces\\logsStateInterfaces.ts","statementMap":{},"fnMap":{},"branchMap":{},"s":{},"f":{},"b":{},"hash":"ebb442262b0e366d3c72b6c3b92f0f57d58d8f88"}
,"E:\\Web\\Challenges\\AssetControl\\asset_control\\src\\components\\Logs\\mocks\\logResponseMock.ts": {"path":"E:\\Web\\Challenges\\AssetControl\\asset_control\\src\\components\\Logs\\mocks\\logResponseMock.ts","statementMap":{"0":{"start":{"line":1,"column":32},"end":{"line":140,"column":1}},"1":{"start":{"line":142,"column":31},"end":{"line":148,"column":1}}},"fnMap":{},"branchMap":{},"s":{"0":2,"1":2},"f":{},"b":{},"_coverageSchema":"43e27e138ebf9cfc5966b082cf9a028302ed4184","hash":"efe424c86f4679080626ff2c9aa02bd336a6b9c1"}
,"E:\\Web\\Challenges\\AssetControl\\asset_control\\src\\components\\Logs\\services\\logsService.ts": {"path":"E:\\Web\\Challenges\\AssetControl\\asset_control\\src\\components\\Logs\\services\\logsService.ts","statementMap":{"0":{"start":{"line":7,"column":27},"end":{"line":7,"column":31}},"1":{"start":{"line":9,"column":18},"end":{"line":11,"column":1}},"2":{"start":{"line":9,"column":64},"end":{"line":11,"column":1}},"3":{"start":{"line":10,"column":18},"end":{"line":10,"column":45}},"4":{"start":{"line":13,"column":16},"end":{"line":18,"column":1}},"5":{"start":{"line":13,"column":36},"end":{"line":18,"column":1}},"6":{"start":{"line":16,"column":12},"end":{"line":16,"column":53}},"7":{"start":{"line":17,"column":20},"end":{"line":17,"column":33}},"8":{"start":{"line":20,"column":27},"end":{"line":24,"column":1}}},"fnMap":{"0":{"name":"(anonymous_0)","decl":{"start":{"line":9,"column":18},"end":{"line":9,"column":19}},"loc":{"start":{"line":9,"column":64},"end":{"line":11,"column":1}},"line":9},"1":{"name":"(anonymous_1)","decl":{"start":{"line":10,"column":12},"end":{"line":10,"column":13}},"loc":{"start":{"line":10,"column":18},"end":{"line":10,"column":45}},"line":10},"2":{"name":"(anonymous_2)","decl":{"start":{"line":13,"column":16},"end":{"line":13,"column":17}},"loc":{"start":{"line":13,"column":36},"end":{"line":18,"column":1}},"line":13},"3":{"name":"(anonymous_3)","decl":{"start":{"line":16,"column":6},"end":{"line":16,"column":7}},"loc":{"start":{"line":16,"column":12},"end":{"line":16,"column":53}},"line":16},"4":{"name":"(anonymous_4)","decl":{"start":{"line":17,"column":6},"end":{"line":17,"column":7}},"loc":{"start":{"line":17,"column":20},"end":{"line":17,"column":33}},"line":17}},"branchMap":{},"s":{"0":3,"1":3,"2":1,"3":5,"4":3,"5":1,"6":1,"7":1,"8":3},"f":{"0":1,"1":5,"2":1,"3":1,"4":1},"b":{},"_coverageSchema":"43e27e138ebf9cfc5966b082cf9a028302ed4184","hash":"ad4d8e113d444590a10a6eb3a18357c237e90e78"}
,"E:\\Web\\Challenges\\AssetControl\\asset_control\\src\\components\\common\\Heading\\Heading.tsx": {"path":"E:\\Web\\Challenges\\AssetControl\\asset_control\\src\\components\\common\\Heading\\Heading.tsx","statementMap":{"0":{"start":{"line":13,"column":42},"end":{"line":29,"column":1}},"1":{"start":{"line":19,"column":16},"end":{"line":19,"column":28}},"2":{"start":{"line":21,"column":2},"end":{"line":28,"column":3}}},"fnMap":{"0":{"name":"(anonymous_0)","decl":{"start":{"line":13,"column":42},"end":{"line":13,"column":43}},"loc":{"start":{"line":18,"column":6},"end":{"line":29,"column":1}},"line":18}},"branchMap":{"0":{"loc":{"start":{"line":14,"column":2},"end":{"line":14,"column":21}},"type":"default-arg","locations":[{"start":{"line":14,"column":17},"end":{"line":14,"column":21}}],"line":14},"1":{"loc":{"start":{"line":15,"column":2},"end":{"line":15,"column":13}},"type":"default-arg","locations":[{"start":{"line":15,"column":11},"end":{"line":15,"column":13}}],"line":15},"2":{"loc":{"start":{"line":23,"column":17},"end":{"line":23,"column":50}},"type":"cond-expr","locations":[{"start":{"line":23,"column":29},"end":{"line":23,"column":38}},{"start":{"line":23,"column":41},"end":{"line":23,"column":50}}],"line":23}},"s":{"0":5,"1":4,"2":4},"f":{"0":4},"b":{"0":[0],"1":[0],"2":[0,0]},"_coverageSchema":"43e27e138ebf9cfc5966b082cf9a028302ed4184","hash":"11a9176f3b5cecfc0139dabf7708a3585869e425"}
,"E:\\Web\\Challenges\\AssetControl\\asset_control\\src\\components\\common\\Heading\\index.ts": {"path":"E:\\Web\\Challenges\\AssetControl\\asset_control\\src\\components\\common\\Heading\\index.ts","statementMap":{},"fnMap":{},"branchMap":{},"s":{},"f":{},"b":{},"_coverageSchema":"43e27e138ebf9cfc5966b082cf9a028302ed4184","hash":"edcb54bc64931824ff2a12b3e1f4134a31e9ef3f"}
,"E:\\Web\\Challenges\\AssetControl\\asset_control\\src\\components\\common\\IconButton\\IconButton.tsx": {"path":"E:\\Web\\Challenges\\AssetControl\\asset_control\\src\\components\\common\\IconButton\\IconButton.tsx","statementMap":{"0":{"start":{"line":14,"column":47},"end":{"line":30,"column":1}},"1":{"start":{"line":21,"column":2},"end":{"line":29,"column":4}}},"fnMap":{"0":{"name":"(anonymous_0)","decl":{"start":{"line":14,"column":47},"end":{"line":14,"column":48}},"loc":{"start":{"line":20,"column":6},"end":{"line":30,"column":1}},"line":20}},"branchMap":{"0":{"loc":{"start":{"line":15,"column":2},"end":{"line":15,"column":13}},"type":"default-arg","locations":[{"start":{"line":15,"column":11},"end":{"line":15,"column":13}}],"line":15},"1":{"loc":{"start":{"line":19,"column":2},"end":{"line":19,"column":16}},"type":"default-arg","locations":[{"start":{"line":19,"column":14},"end":{"line":19,"column":16}}],"line":19},"2":{"loc":{"start":{"line":24,"column":32},"end":{"line":24,"column":70}},"type":"cond-expr","locations":[{"start":{"line":24,"column":43},"end":{"line":24,"column":66}},{"start":{"line":24,"column":68},"end":{"line":24,"column":70}}],"line":24}},"s":{"0":5,"1":10},"f":{"0":10},"b":{"0":[0],"1":[1],"2":[0,0]},"_coverageSchema":"43e27e138ebf9cfc5966b082cf9a028302ed4184","hash":"c63d1dc716a19ba91aaa2a7108d8e653e4312825"}
,"E:\\Web\\Challenges\\AssetControl\\asset_control\\src\\components\\common\\IconButton\\index.ts": {"path":"E:\\Web\\Challenges\\AssetControl\\asset_control\\src\\components\\common\\IconButton\\index.ts","statementMap":{},"fnMap":{},"branchMap":{},"s":{},"f":{},"b":{},"_coverageSchema":"43e27e138ebf9cfc5966b082cf9a028302ed4184","hash":"f065d429d3a605a637471b77e5b8862105eb9c3c"}
,"E:\\Web\\Challenges\\AssetControl\\asset_control\\src\\components\\common\\Pagination\\Pagination.tsx": {"path":"E:\\Web\\Challenges\\AssetControl\\asset_control\\src\\components\\common\\Pagination\\Pagination.tsx","statementMap":{"0":{"start":{"line":16,"column":47},"end":{"line":45,"column":1}},"1":{"start":{"line":22,"column":28},"end":{"line":22,"column":79}},"2":{"start":{"line":22,"column":34},"end":{"line":22,"column":79}},"3":{"start":{"line":24,"column":27},"end":{"line":30,"column":3}},"4":{"start":{"line":25,"column":29},"end":{"line":25,"column":58}},"5":{"start":{"line":26,"column":30},"end":{"line":26,"column":111}},"6":{"start":{"line":27,"column":4},"end":{"line":29,"column":5}},"7":{"start":{"line":28,"column":6},"end":{"line":28,"column":69}},"8":{"start":{"line":32,"column":2},"end":{"line":44,"column":4}},"9":{"start":{"line":38,"column":28},"end":{"line":38,"column":47}},"10":{"start":{"line":39,"column":28},"end":{"line":39,"column":92}},"11":{"start":{"line":40,"column":27},"end":{"line":40,"column":91}},"12":{"start":{"line":41,"column":27},"end":{"line":41,"column":64}}},"fnMap":{"0":{"name":"(anonymous_0)","decl":{"start":{"line":16,"column":47},"end":{"line":16,"column":48}},"loc":{"start":{"line":20,"column":6},"end":{"line":45,"column":1}},"line":20},"1":{"name":"(anonymous_1)","decl":{"start":{"line":22,"column":28},"end":{"line":22,"column":29}},"loc":{"start":{"line":22,"column":34},"end":{"line":22,"column":79}},"line":22},"2":{"name":"(anonymous_2)","decl":{"start":{"line":24,"column":27},"end":{"line":24,"column":28}},"loc":{"start":{"line":24,"column":50},"end":{"line":30,"column":3}},"line":24},"3":{"name":"(anonymous_3)","decl":{"start":{"line":38,"column":22},"end":{"line":38,"column":23}},"loc":{"start":{"line":38,"column":28},"end":{"line":38,"column":47}},"line":38},"4":{"name":"(anonymous_4)","decl":{"start":{"line":39,"column":22},"end":{"line":39,"column":23}},"loc":{"start":{"line":39,"column":28},"end":{"line":39,"column":92}},"line":39},"5":{"name":"(anonymous_5)","decl":{"start":{"line":40,"column":21},"end":{"line":40,"column":22}},"loc":{"start":{"line":40,"column":27},"end":{"line":40,"column":91}},"line":40},"6":{"name":"(anonymous_6)","decl":{"start":{"line":41,"column":21},"end":{"line":41,"column":22}},"loc":{"start":{"line":41,"column":27},"end":{"line":41,"column":64}},"line":41}},"branchMap":{"0":{"loc":{"start":{"line":25,"column":29},"end":{"line":25,"column":58}},"type":"cond-expr","locations":[{"start":{"line":25,"column":45},"end":{"line":25,"column":46}},{"start":{"line":25,"column":49},"end":{"line":25,"column":58}}],"line":25},"1":{"loc":{"start":{"line":26,"column":30},"end":{"line":26,"column":111}},"type":"cond-expr","locations":[{"start":{"line":26,"column":73},"end":{"line":26,"column":92}},{"start":{"line":26,"column":95},"end":{"line":26,"column":111}}],"line":26},"2":{"loc":{"start":{"line":27,"column":4},"end":{"line":29,"column":5}},"type":"if","locations":[{"start":{"line":27,"column":4},"end":{"line":29,"column":5}},{"start":{"line":27,"column":4},"end":{"line":29,"column":5}}],"line":27}},"s":{"0":3,"1":31,"2":1,"3":31,"4":6,"5":6,"6":6,"7":5,"8":31,"9":3,"10":1,"11":1,"12":1},"f":{"0":31,"1":1,"2":6,"3":3,"4":1,"5":1,"6":1},"b":{"0":[1,5],"1":[0,6],"2":[5,1]},"_coverageSchema":"43e27e138ebf9cfc5966b082cf9a028302ed4184","hash":"edc64bf56def9c055ad3eaf736559b658e8ccd4e"}
,"E:\\Web\\Challenges\\AssetControl\\asset_control\\src\\components\\common\\Pagination\\index.ts": {"path":"E:\\Web\\Challenges\\AssetControl\\asset_control\\src\\components\\common\\Pagination\\index.ts","statementMap":{},"fnMap":{},"branchMap":{},"s":{},"f":{},"b":{},"hash":"2457d6348eba562138c58f7f22985df4841e8b65"}
,"E:\\Web\\Challenges\\AssetControl\\asset_control\\src\\components\\common\\Pagination\\components\\PaginationInfo\\PaginationInfo.tsx": {"path":"E:\\Web\\Challenges\\AssetControl\\asset_control\\src\\components\\common\\Pagination\\components\\PaginationInfo\\PaginationInfo.tsx","statementMap":{"0":{"start":{"line":9,"column":56},"end":{"line":23,"column":1}},"1":{"start":{"line":10,"column":22},"end":{"line":12,"column":58}},"2":{"start":{"line":10,"column":36},"end":{"line":12,"column":58}},"3":{"start":{"line":14,"column":2},"end":{"line":22,"column":4}}},"fnMap":{"0":{"name":"(anonymous_0)","decl":{"start":{"line":9,"column":56},"end":{"line":9,"column":57}},"loc":{"start":{"line":9,"column":81},"end":{"line":23,"column":1}},"line":9},"1":{"name":"(anonymous_1)","decl":{"start":{"line":10,"column":22},"end":{"line":10,"column":23}},"loc":{"start":{"line":10,"column":36},"end":{"line":12,"column":58}},"line":10}},"branchMap":{"0":{"loc":{"start":{"line":10,"column":36},"end":{"line":12,"column":58}},"type":"cond-expr","locations":[{"start":{"line":11,"column":6},"end":{"line":11,"column":9}},{"start":{"line":12,"column":6},"end":{"line":12,"column":58}}],"line":10},"1":{"loc":{"start":{"line":16,"column":7},"end":{"line":19,"column":65}},"type":"cond-expr","locations":[{"start":{"line":17,"column":10},"end":{"line":17,"column":19}},{"start":{"line":18,"column":10},"end":{"line":19,"column":65}}],"line":16}},"s":{"0":4,"1":34,"2":0,"3":34},"f":{"0":34,"1":0},"b":{"0":[0,0],"1":[0,0]},"_coverageSchema":"43e27e138ebf9cfc5966b082cf9a028302ed4184","hash":"18e474a8e2780ca2bd78b0770cf68b928dd9bc04"}
,"E:\\Web\\Challenges\\AssetControl\\asset_control\\src\\components\\common\\Pagination\\components\\PaginationInfo\\index.ts": {"path":"E:\\Web\\Challenges\\AssetControl\\asset_control\\src\\components\\common\\Pagination\\components\\PaginationInfo\\index.ts","statementMap":{},"fnMap":{},"branchMap":{},"s":{},"f":{},"b":{},"_coverageSchema":"43e27e138ebf9cfc5966b082cf9a028302ed4184","hash":"2f58c4c6f60cbcbdd115297bbc29983c6cda172a"}
,"E:\\Web\\Challenges\\AssetControl\\asset_control\\src\\components\\common\\Pagination\\components\\PaginationNav\\PaginationNav.tsx": {"path":"E:\\Web\\Challenges\\AssetControl\\asset_control\\src\\components\\common\\Pagination\\components\\PaginationNav\\PaginationNav.tsx","statementMap":{"0":{"start":{"line":24,"column":54},"end":{"line":71,"column":1}},"1":{"start":{"line":31,"column":25},"end":{"line":31,"column":68}},"2":{"start":{"line":31,"column":40},"end":{"line":31,"column":68}},"3":{"start":{"line":32,"column":24},"end":{"line":32,"column":110}},"4":{"start":{"line":32,"column":39},"end":{"line":32,"column":110}},"5":{"start":{"line":34,"column":2},"end":{"line":70,"column":4}}},"fnMap":{"0":{"name":"(anonymous_0)","decl":{"start":{"line":24,"column":54},"end":{"line":24,"column":55}},"loc":{"start":{"line":30,"column":6},"end":{"line":71,"column":1}},"line":30},"1":{"name":"(anonymous_1)","decl":{"start":{"line":31,"column":25},"end":{"line":31,"column":26}},"loc":{"start":{"line":31,"column":40},"end":{"line":31,"column":68}},"line":31},"2":{"name":"(anonymous_2)","decl":{"start":{"line":32,"column":24},"end":{"line":32,"column":25}},"loc":{"start":{"line":32,"column":39},"end":{"line":32,"column":110}},"line":32}},"branchMap":{},"s":{"0":4,"1":33,"2":0,"3":33,"4":0,"5":33},"f":{"0":33,"1":0,"2":0},"b":{},"_coverageSchema":"43e27e138ebf9cfc5966b082cf9a028302ed4184","hash":"132e9683d95f49b03455eb475f37c173629dae7c"}
,"E:\\Web\\Challenges\\AssetControl\\asset_control\\src\\components\\common\\Pagination\\components\\PaginationNav\\index.ts": {"path":"E:\\Web\\Challenges\\AssetControl\\asset_control\\src\\components\\common\\Pagination\\components\\PaginationNav\\index.ts","statementMap":{},"fnMap":{},"branchMap":{},"s":{},"f":{},"b":{},"_coverageSchema":"43e27e138ebf9cfc5966b082cf9a028302ed4184","hash":"3d207b643719f1e27a812259f851273e202e60b1"}
,"E:\\Web\\Challenges\\AssetControl\\asset_control\\src\\components\\common\\Pagination\\interfaces\\paginationInterfaces.ts": {"path":"E:\\Web\\Challenges\\AssetControl\\asset_control\\src\\components\\common\\Pagination\\interfaces\\paginationInterfaces.ts","statementMap":{},"fnMap":{},"branchMap":{},"s":{},"f":{},"b":{},"hash":"8d7988e670a2a49d7136c1f2951491d8a42cf1bb"}
,"E:\\Web\\Challenges\\AssetControl\\asset_control\\src\\components\\common\\Pagination\\mocks\\paginationMocks.ts": {"path":"E:\\Web\\Challenges\\AssetControl\\asset_control\\src\\components\\common\\Pagination\\mocks\\paginationMocks.ts","statementMap":{"0":{"start":{"line":1,"column":35},"end":{"line":6,"column":1}}},"fnMap":{},"branchMap":{},"s":{"0":3},"f":{},"b":{},"_coverageSchema":"43e27e138ebf9cfc5966b082cf9a028302ed4184","hash":"7d11ee49dc5a37d04b76a7c3dfb9a6e360889296"}
,"E:\\Web\\Challenges\\AssetControl\\asset_control\\src\\components\\common\\StatsCard\\StatsCard.tsx": {"path":"E:\\Web\\Challenges\\AssetControl\\asset_control\\src\\components\\common\\StatsCard\\StatsCard.tsx","statementMap":{"0":{"start":{"line":15,"column":45},"end":{"line":45,"column":1}},"1":{"start":{"line":22,"column":2},"end":{"line":44,"column":4}}},"fnMap":{"0":{"name":"(anonymous_0)","decl":{"start":{"line":15,"column":45},"end":{"line":15,"column":46}},"loc":{"start":{"line":21,"column":6},"end":{"line":45,"column":1}},"line":21}},"branchMap":{},"s":{"0":4,"1":4},"f":{"0":4},"b":{},"_coverageSchema":"43e27e138ebf9cfc5966b082cf9a028302ed4184","hash":"b7af303ade9cebbdd7dab988e357217ed50683ee"}
,"E:\\Web\\Challenges\\AssetControl\\asset_control\\src\\components\\common\\StatsCard\\index.ts": {"path":"E:\\Web\\Challenges\\AssetControl\\asset_control\\src\\components\\common\\StatsCard\\index.ts","statementMap":{},"fnMap":{},"branchMap":{},"s":{},"f":{},"b":{},"_coverageSchema":"43e27e138ebf9cfc5966b082cf9a028302ed4184","hash":"34cf769ea83bac79f7d6eea34da6311efbab5d79"}
,"E:\\Web\\Challenges\\AssetControl\\asset_control\\src\\components\\common\\Table\\Table.tsx": {"path":"E:\\Web\\Challenges\\AssetControl\\asset_control\\src\\components\\common\\Table\\Table.tsx","statementMap":{"0":{"start":{"line":16,"column":37},"end":{"line":50,"column":1}},"1":{"start":{"line":21,"column":2},"end":{"line":49,"column":4}},"2":{"start":{"line":28,"column":12},"end":{"line":33,"column":17}},"3":{"start":{"line":39,"column":10},"end":{"line":45,"column":15}},"4":{"start":{"line":41,"column":14},"end":{"line":43,"column":19}}},"fnMap":{"0":{"name":"(anonymous_0)","decl":{"start":{"line":16,"column":37},"end":{"line":16,"column":38}},"loc":{"start":{"line":20,"column":6},"end":{"line":50,"column":1}},"line":20},"1":{"name":"(anonymous_1)","decl":{"start":{"line":27,"column":36},"end":{"line":27,"column":37}},"loc":{"start":{"line":28,"column":12},"end":{"line":33,"column":17}},"line":28},"2":{"name":"(anonymous_2)","decl":{"start":{"line":38,"column":18},"end":{"line":38,"column":19}},"loc":{"start":{"line":39,"column":10},"end":{"line":45,"column":15}},"line":39},"3":{"name":"(anonymous_3)","decl":{"start":{"line":40,"column":37},"end":{"line":40,"column":38}},"loc":{"start":{"line":41,"column":14},"end":{"line":43,"column":19}},"line":41}},"branchMap":{"0":{"loc":{"start":{"line":19,"column":2},"end":{"line":19,"column":14}},"type":"default-arg","locations":[{"start":{"line":19,"column":7},"end":{"line":19,"column":14}}],"line":19}},"s":{"0":4,"1":3,"2":9,"3":75,"4":225},"f":{"0":3,"1":9,"2":75,"3":225},"b":{"0":[3]},"_coverageSchema":"43e27e138ebf9cfc5966b082cf9a028302ed4184","hash":"1a322c7153bf5d95b87edb6177919dd51de455ad"}
,"E:\\Web\\Challenges\\AssetControl\\asset_control\\src\\components\\common\\Table\\index.ts": {"path":"E:\\Web\\Challenges\\AssetControl\\asset_control\\src\\components\\common\\Table\\index.ts","statementMap":{},"fnMap":{},"branchMap":{},"s":{},"f":{},"b":{},"_coverageSchema":"43e27e138ebf9cfc5966b082cf9a028302ed4184","hash":"ac1d2b25fd988a414ce93fdf0827996d346f5e02"}
,"E:\\Web\\Challenges\\AssetControl\\asset_control\\src\\components\\common\\Table\\interfaces\\tableInterfaces.ts": {"path":"E:\\Web\\Challenges\\AssetControl\\asset_control\\src\\components\\common\\Table\\interfaces\\tableInterfaces.ts","statementMap":{},"fnMap":{},"branchMap":{},"s":{},"f":{},"b":{},"hash":"dfd8506c2a36c671655c1d654922c9e49f21c895"}
,"E:\\Web\\Challenges\\AssetControl\\asset_control\\src\\components\\common\\Table\\mocks\\tableMocks.ts": {"path":"E:\\Web\\Challenges\\AssetControl\\asset_control\\src\\components\\common\\Table\\mocks\\tableMocks.ts","statementMap":{"0":{"start":{"line":3,"column":45},"end":{"line":15,"column":1}},"1":{"start":{"line":17,"column":30},"end":{"line":143,"column":1}}},"fnMap":{},"branchMap":{},"s":{"0":1,"1":1},"f":{},"b":{},"_coverageSchema":"43e27e138ebf9cfc5966b082cf9a028302ed4184","hash":"28317fb29ce7ac28d019b8cfc2325a5fe890346e"}
,"E:\\Web\\Challenges\\AssetControl\\asset_control\\src\\interfaces\\generalInterfaces.ts": {"path":"E:\\Web\\Challenges\\AssetControl\\asset_control\\src\\interfaces\\generalInterfaces.ts","statementMap":{},"fnMap":{},"branchMap":{},"s":{},"f":{},"b":{},"hash":"d125c0a6e4c414011e831aebcaa5089ba6bb387e"}
,"E:\\Web\\Challenges\\AssetControl\\asset_control\\src\\services\\api\\apiService.ts": {"path":"E:\\Web\\Challenges\\AssetControl\\asset_control\\src\\services\\api\\apiService.ts","statementMap":{"0":{"start":{"line":3,"column":20},"end":{"line":5,"column":2}},"1":{"start":{"line":7,"column":0},"end":{"line":7,"column":78}}},"fnMap":{},"branchMap":{},"s":{"0":3,"1":3},"f":{},"b":{},"_coverageSchema":"43e27e138ebf9cfc5966b082cf9a028302ed4184","hash":"ac978bab640d130cd9ce505dd90db5b2bc60e7cd"}
,"E:\\Web\\Challenges\\AssetControl\\asset_control\\src\\tests\\testHelper.ts": {"path":"E:\\Web\\Challenges\\AssetControl\\asset_control\\src\\tests\\testHelper.ts","statementMap":{"0":{"start":{"line":1,"column":28},"end":{"line":1,"column":75}},"1":{"start":{"line":1,"column":52},"end":{"line":1,"column":75}}},"fnMap":{"0":{"name":"(anonymous_0)","decl":{"start":{"line":1,"column":28},"end":{"line":1,"column":29}},"loc":{"start":{"line":1,"column":52},"end":{"line":1,"column":75}},"line":1}},"branchMap":{},"s":{"0":11,"1":33},"f":{"0":33},"b":{},"_coverageSchema":"43e27e138ebf9cfc5966b082cf9a028302ed4184","hash":"5859ba00fc861e04b1e3a7b1da39c2b519c06054"}
}
