TN:
SF:E:\Web\Challenges\AssetControl\asset_control\src\App.tsx
FN:5,App
FNF:1
FNH:1
FNDA:1,App
DA:6,1
LF:1
LH:1
BRF:0
BRH:0
end_of_record
TN:
SF:E:\Web\Challenges\AssetControl\asset_control\src\index.tsx
FNF:0
FNH:0
DA:7,0
DA:17,0
LF:2
LH:0
BRF:0
BRH:0
end_of_record
TN:
SF:E:\Web\Challenges\AssetControl\asset_control\src\serviceWorker.ts
FN:28,register
FN:42,(anonymous_1)
FN:51,(anonymous_2)
FN:65,registerValidSW
FN:68,(anonymous_4)
FN:69,(anonymous_5)
FN:74,(anonymous_6)
FN:104,(anonymous_7)
FN:109,checkValidServiceWorker
FN:114,(anonymous_9)
FN:122,(anonymous_10)
FN:123,(anonymous_11)
FN:132,(anonymous_12)
FN:139,unregister
FN:142,(anonymous_14)
FN:145,(anonymous_15)
FNF:16
FNH:0
FNDA:0,register
FNDA:0,(anonymous_1)
FNDA:0,(anonymous_2)
FNDA:0,registerValidSW
FNDA:0,(anonymous_4)
FNDA:0,(anonymous_5)
FNDA:0,(anonymous_6)
FNDA:0,(anonymous_7)
FNDA:0,checkValidServiceWorker
FNDA:0,(anonymous_9)
FNDA:0,(anonymous_10)
FNDA:0,(anonymous_11)
FNDA:0,(anonymous_12)
FNDA:0,unregister
FNDA:0,(anonymous_14)
FNDA:0,(anonymous_15)
DA:13,0
DA:29,0
DA:31,0
DA:35,0
DA:39,0
DA:42,0
DA:43,0
DA:45,0
DA:47,0
DA:51,0
DA:52,0
DA:59,0
DA:66,0
DA:69,0
DA:70,0
DA:71,0
DA:72,0
DA:74,0
DA:75,0
DA:76,0
DA:80,0
DA:86,0
DA:87,0
DA:93,0
DA:96,0
DA:97,0
DA:105,0
DA:111,0
DA:116,0
DA:117,0
DA:122,0
DA:123,0
DA:124,0
DA:129,0
DA:133,0
DA:140,0
DA:141,0
DA:143,0
DA:146,0
LF:39
LH:0
BRDA:14,0,0,0
BRDA:14,0,1,0
BRDA:14,0,2,0
BRDA:29,1,0,0
BRDA:29,1,1,0
BRDA:29,2,0,0
BRDA:29,2,1,0
BRDA:35,3,0,0
BRDA:35,3,1,0
BRDA:45,4,0,0
BRDA:45,4,1,0
BRDA:71,5,0,0
BRDA:71,5,1,0
BRDA:75,6,0,0
BRDA:75,6,1,0
BRDA:76,7,0,0
BRDA:76,7,1,0
BRDA:86,8,0,0
BRDA:86,8,1,0
BRDA:86,9,0,0
BRDA:86,9,1,0
BRDA:96,10,0,0
BRDA:96,10,1,0
BRDA:96,11,0,0
BRDA:96,11,1,0
BRDA:117,12,0,0
BRDA:117,12,1,0
BRDA:118,13,0,0
BRDA:118,13,1,0
BRDA:118,13,2,0
BRDA:140,14,0,0
BRDA:140,14,1,0
BRF:32
BRH:0
end_of_record
TN:
SF:E:\Web\Challenges\AssetControl\asset_control\src\components\Logs\Logs.tsx
FN:15,(anonymous_0)
FN:21,(anonymous_1)
FN:26,(anonymous_2)
FN:30,(anonymous_3)
FN:35,(anonymous_4)
FNF:5
FNH:3
FNDA:22,(anonymous_0)
FNDA:22,(anonymous_1)
FNDA:11,(anonymous_2)
FNDA:0,(anonymous_3)
FNDA:0,(anonymous_4)
DA:15,2
DA:17,22
DA:18,22
DA:19,22
DA:21,22
DA:22,22
DA:23,22
DA:26,22
DA:27,11
DA:28,11
DA:30,11
DA:31,0
DA:35,22
DA:36,0
DA:39,22
LF:15
LH:13
BRF:0
BRH:0
end_of_record
TN:
SF:E:\Web\Challenges\AssetControl\asset_control\src\components\Logs\index.ts
FNF:0
FNH:0
LF:0
LH:0
BRF:0
BRH:0
end_of_record
TN:
SF:E:\Web\Challenges\AssetControl\asset_control\src\components\Logs\components\LogStats\LogStats.tsx
FN:16,(anonymous_0)
FN:23,(anonymous_1)
FNF:2
FNH:1
FNDA:25,(anonymous_0)
FNDA:0,(anonymous_1)
DA:16,3
DA:17,25
DA:19,25
DA:24,0
LF:4
LH:3
BRF:0
BRH:0
end_of_record
TN:
SF:E:\Web\Challenges\AssetControl\asset_control\src\components\Logs\components\LogStats\mocks\logStatsMock.ts
FNF:0
FNH:0
DA:1,1
LF:1
LH:1
BRF:0
BRH:0
end_of_record
TN:
SF:E:\Web\Challenges\AssetControl\asset_control\src\components\Logs\components\LogTable\LogTable.tsx
FN:16,(anonymous_0)
FNF:1
FNH:1
FNDA:25,(anonymous_0)
DA:16,3
DA:17,25
LF:2
LH:2
BRF:0
BRH:0
end_of_record
TN:
SF:E:\Web\Challenges\AssetControl\asset_control\src\components\Logs\components\LogTable\mocks\logTableMock.ts
FNF:0
FNH:0
DA:1,1
LF:1
LH:1
BRF:0
BRH:0
end_of_record
TN:
SF:E:\Web\Challenges\AssetControl\asset_control\src\components\Logs\constants\logConstants.ts
FNF:0
FNH:0
DA:5,5
DA:7,5
DA:13,5
DA:20,5
DA:26,5
DA:40,5
DA:46,5
LF:7
LH:7
BRF:0
BRH:0
end_of_record
TN:
SF:E:\Web\Challenges\AssetControl\asset_control\src\components\Logs\interfaces\logsStateInterfaces.ts
FNF:0
FNH:0
LF:0
LH:0
BRF:0
BRH:0
end_of_record
TN:
SF:E:\Web\Challenges\AssetControl\asset_control\src\components\Logs\mocks\logResponseMock.ts
FNF:0
FNH:0
DA:1,2
DA:142,2
LF:2
LH:2
BRF:0
BRH:0
end_of_record
TN:
SF:E:\Web\Challenges\AssetControl\asset_control\src\components\Logs\services\logsService.ts
FN:9,(anonymous_0)
FN:10,(anonymous_1)
FN:13,(anonymous_2)
FN:16,(anonymous_3)
FN:17,(anonymous_4)
FNF:5
FNH:5
FNDA:1,(anonymous_0)
FNDA:5,(anonymous_1)
FNDA:1,(anonymous_2)
FNDA:1,(anonymous_3)
FNDA:1,(anonymous_4)
DA:7,3
DA:9,3
DA:10,5
DA:13,3
DA:16,1
DA:17,1
DA:20,3
LF:7
LH:7
BRF:0
BRH:0
end_of_record
TN:
SF:E:\Web\Challenges\AssetControl\asset_control\src\components\common\Heading\Heading.tsx
FN:13,(anonymous_0)
FNF:1
FNH:1
FNDA:4,(anonymous_0)
DA:13,5
DA:19,4
DA:21,4
LF:3
LH:3
BRDA:14,0,0,0
BRDA:15,1,0,0
BRDA:23,2,0,0
BRDA:23,2,1,0
BRF:4
BRH:0
end_of_record
TN:
SF:E:\Web\Challenges\AssetControl\asset_control\src\components\common\Heading\index.ts
FNF:0
FNH:0
LF:0
LH:0
BRF:0
BRH:0
end_of_record
TN:
SF:E:\Web\Challenges\AssetControl\asset_control\src\components\common\IconButton\IconButton.tsx
FN:14,(anonymous_0)
FNF:1
FNH:1
FNDA:10,(anonymous_0)
DA:14,5
DA:21,10
LF:2
LH:2
BRDA:15,0,0,0
BRDA:19,1,0,1
BRDA:24,2,0,0
BRDA:24,2,1,0
BRF:4
BRH:1
end_of_record
TN:
SF:E:\Web\Challenges\AssetControl\asset_control\src\components\common\IconButton\index.ts
FNF:0
FNH:0
LF:0
LH:0
BRF:0
BRH:0
end_of_record
TN:
SF:E:\Web\Challenges\AssetControl\asset_control\src\components\common\Pagination\Pagination.tsx
FN:16,(anonymous_0)
FN:22,(anonymous_1)
FN:24,(anonymous_2)
FN:38,(anonymous_3)
FN:39,(anonymous_4)
FN:40,(anonymous_5)
FN:41,(anonymous_6)
FNF:7
FNH:7
FNDA:31,(anonymous_0)
FNDA:1,(anonymous_1)
FNDA:6,(anonymous_2)
FNDA:3,(anonymous_3)
FNDA:1,(anonymous_4)
FNDA:1,(anonymous_5)
FNDA:1,(anonymous_6)
DA:16,3
DA:22,31
DA:24,31
DA:25,6
DA:26,6
DA:27,6
DA:28,5
DA:32,31
DA:38,3
DA:39,1
DA:40,1
DA:41,1
LF:12
LH:12
BRDA:25,0,0,1
BRDA:25,0,1,5
BRDA:26,1,0,0
BRDA:26,1,1,6
BRDA:27,2,0,5
BRDA:27,2,1,1
BRF:6
BRH:5
end_of_record
TN:
SF:E:\Web\Challenges\AssetControl\asset_control\src\components\common\Pagination\index.ts
FNF:0
FNH:0
LF:0
LH:0
BRF:0
BRH:0
end_of_record
TN:
SF:E:\Web\Challenges\AssetControl\asset_control\src\components\common\Pagination\components\PaginationInfo\PaginationInfo.tsx
FN:9,(anonymous_0)
FN:10,(anonymous_1)
FNF:2
FNH:1
FNDA:34,(anonymous_0)
FNDA:0,(anonymous_1)
DA:9,4
DA:10,34
DA:14,34
LF:3
LH:3
BRDA:10,0,0,0
BRDA:10,0,1,0
BRDA:16,1,0,0
BRDA:16,1,1,0
BRF:4
BRH:0
end_of_record
TN:
SF:E:\Web\Challenges\AssetControl\asset_control\src\components\common\Pagination\components\PaginationInfo\index.ts
FNF:0
FNH:0
LF:0
LH:0
BRF:0
BRH:0
end_of_record
TN:
SF:E:\Web\Challenges\AssetControl\asset_control\src\components\common\Pagination\components\PaginationNav\PaginationNav.tsx
FN:24,(anonymous_0)
FN:31,(anonymous_1)
FN:32,(anonymous_2)
FNF:3
FNH:1
FNDA:33,(anonymous_0)
FNDA:0,(anonymous_1)
FNDA:0,(anonymous_2)
DA:24,4
DA:31,33
DA:32,33
DA:34,33
LF:4
LH:4
BRF:0
BRH:0
end_of_record
TN:
SF:E:\Web\Challenges\AssetControl\asset_control\src\components\common\Pagination\components\PaginationNav\index.ts
FNF:0
FNH:0
LF:0
LH:0
BRF:0
BRH:0
end_of_record
TN:
SF:E:\Web\Challenges\AssetControl\asset_control\src\components\common\Pagination\interfaces\paginationInterfaces.ts
FNF:0
FNH:0
LF:0
LH:0
BRF:0
BRH:0
end_of_record
TN:
SF:E:\Web\Challenges\AssetControl\asset_control\src\components\common\Pagination\mocks\paginationMocks.ts
FNF:0
FNH:0
DA:1,3
LF:1
LH:1
BRF:0
BRH:0
end_of_record
TN:
SF:E:\Web\Challenges\AssetControl\asset_control\src\components\common\StatsCard\StatsCard.tsx
FN:15,(anonymous_0)
FNF:1
FNH:1
FNDA:4,(anonymous_0)
DA:15,4
DA:22,4
LF:2
LH:2
BRF:0
BRH:0
end_of_record
TN:
SF:E:\Web\Challenges\AssetControl\asset_control\src\components\common\StatsCard\index.ts
FNF:0
FNH:0
LF:0
LH:0
BRF:0
BRH:0
end_of_record
TN:
SF:E:\Web\Challenges\AssetControl\asset_control\src\components\common\Table\Table.tsx
FN:16,(anonymous_0)
FN:27,(anonymous_1)
FN:38,(anonymous_2)
FN:40,(anonymous_3)
FNF:4
FNH:4
FNDA:3,(anonymous_0)
FNDA:9,(anonymous_1)
FNDA:75,(anonymous_2)
FNDA:225,(anonymous_3)
DA:16,4
DA:21,3
DA:28,9
DA:39,75
DA:41,225
LF:5
LH:5
BRDA:19,0,0,3
BRF:1
BRH:1
end_of_record
TN:
SF:E:\Web\Challenges\AssetControl\asset_control\src\components\common\Table\index.ts
FNF:0
FNH:0
LF:0
LH:0
BRF:0
BRH:0
end_of_record
TN:
SF:E:\Web\Challenges\AssetControl\asset_control\src\components\common\Table\interfaces\tableInterfaces.ts
FNF:0
FNH:0
LF:0
LH:0
BRF:0
BRH:0
end_of_record
TN:
SF:E:\Web\Challenges\AssetControl\asset_control\src\components\common\Table\mocks\tableMocks.ts
FNF:0
FNH:0
DA:3,1
DA:17,1
LF:2
LH:2
BRF:0
BRH:0
end_of_record
TN:
SF:E:\Web\Challenges\AssetControl\asset_control\src\interfaces\generalInterfaces.ts
FNF:0
FNH:0
LF:0
LH:0
BRF:0
BRH:0
end_of_record
TN:
SF:E:\Web\Challenges\AssetControl\asset_control\src\services\api\apiService.ts
FNF:0
FNH:0
DA:3,3
DA:7,3
LF:2
LH:2
BRF:0
BRH:0
end_of_record
TN:
SF:E:\Web\Challenges\AssetControl\asset_control\src\tests\testHelper.ts
FN:1,(anonymous_0)
FNF:1
FNH:1
FNDA:33,(anonymous_0)
DA:1,33
LF:1
LH:1
BRF:0
BRH:0
end_of_record
